User Notifications/NotificationStatusBarWithCustomView/app/build/intermediates/manifest_merge_blame_file/debug/manifest-merger-blame-debug-report.txt
1<?xml version="1.0" encoding="utf-8"?>
2<manifest xmlns:android="http://schemas.android.com/apk/res/android"
3    package="course.examples.notification.statusbarwithcustomview"
4    android:versionCode="1"
5    android:versionName="1.0" >
6
7    <uses-sdk
8        android:minSdkVersion="16"
8-->src\main\AndroidManifest.xml
9        android:targetSdkVersion="28" />
9-->src\main\AndroidManifest.xml
10
11    <uses-permission android:name="android.permission.VIBRATE" >
11-->src\main\AndroidManifest.xml:8:5-9:23
11-->src\main\AndroidManifest.xml:8:22-63
12    </uses-permission>
13
14    <application
14-->src\main\AndroidManifest.xml:11:5-27:19
15        android:allowBackup="false"
15-->src\main\AndroidManifest.xml:14:9-36
16        android:appComponentFactory="android.support.v4.app.CoreComponentFactory"
16-->[com.android.support:support-compat:28.0.0] AndroidManifest.xml:22:18-91
17        android:debuggable="true"
18        android:icon="@drawable/ic_launcher"
18-->src\main\AndroidManifest.xml:12:9-45
19        android:label="@string/app_name"
19-->src\main\AndroidManifest.xml:13:9-41
20        android:testOnly="true" >
21        <activity
21-->src\main\AndroidManifest.xml:15:9-23:20
22            android:name="course.examples.notification.statusbarwithcustomview.NotificationStatusBarWithCustomViewActivity"
22-->src\main\AndroidManifest.xml:16:13-124
23            android:label="@string/app_name" >
23-->src\main\AndroidManifest.xml:17:13-45
24            <intent-filter>
24-->src\main\AndroidManifest.xml:18:13-22:29
25                <action android:name="android.intent.action.MAIN" />
25-->src\main\AndroidManifest.xml:19:17-69
25-->src\main\AndroidManifest.xml:19:25-66
26
27                <category android:name="android.intent.category.LAUNCHER" />
27-->src\main\AndroidManifest.xml:21:17-77
27-->src\main\AndroidManifest.xml:21:27-74
28            </intent-filter>
29        </activity>
30        <activity android:name="course.examples.notification.statusbarwithcustomview.NotificationSubActivity" >
30-->src\main\AndroidManifest.xml:25:9-26:20
30-->src\main\AndroidManifest.xml:25:19-57
31        </activity>
32    </application>
33
34</manifest>